<?xml version="1.0" encoding="UTF-8"?>
<!-- Generated by org.testng.reporters.JUnitXMLReporter -->
<testsuite hostname="KHALEDM" ignored="2" name="Regression testing" tests="2" failures="0" timestamp="11 Mar 2019 23:02:45 GMT" time="8.843" errors="0">
  <testcase name="UserCanSearchForProducts" time="5.284" classname="tests.SearchProductTest_testcase1"/>
  <testcase name="UserCanSearchWithAutoComplete" time="2.429" classname="tests.SearchProductusingAutoSuggest_testcase2"/>
  <testcase name="@AfterSuite closedriver" time="0.0" classname="tests.TestBase">
    <ignored/>
  </testcase> <!-- @AfterSuite closedriver -->
  <testcase name="@BeforeSuite Setup" time="0.0" classname="tests.TestBase">
    <ignored/>
  </testcase> <!-- @BeforeSuite Setup -->
</testsuite> <!-- Regression testing -->
